<?xml version="1.0" encoding="UTF-8"?>
<testsuite name="com.camt.database.DatabaseManagerTest" tests="24" skipped="0" failures="0" errors="0" timestamp="2025-07-05T10:02:51" hostname="WINFLIPPHUKRIT" time="0.287">
  <properties/>
  <testcase name="testDeleteServiceWithAppointments" classname="com.camt.database.DatabaseManagerTest" time="0.021"/>
  <testcase name="testUpdateAppointmentSameTimeSlot" classname="com.camt.database.DatabaseManagerTest" time="0.016"/>
  <testcase name="testGetAppointmentByIdNotFound" classname="com.camt.database.DatabaseManagerTest" time="0.008"/>
  <testcase name="testUpdateService" classname="com.camt.database.DatabaseManagerTest" time="0.011"/>
  <testcase name="testCreateAppointmentWithInvalidService" classname="com.camt.database.DatabaseManagerTest" time="0.01"/>
  <testcase name="testUpdateAppointmentDoubleBooking" classname="com.camt.database.DatabaseManagerTest" time="0.016"/>
  <testcase name="testGetServiceByIdNotFound" classname="com.camt.database.DatabaseManagerTest" time="0.008"/>
  <testcase name="testOverlapDetectionEdgeCases" classname="com.camt.database.DatabaseManagerTest" time="0.016"/>
  <testcase name="testGetAllServicesEmpty" classname="com.camt.database.DatabaseManagerTest" time="0.012"/>
  <testcase name="testGetAllAppointments" classname="com.camt.database.DatabaseManagerTest" time="0.012"/>
  <testcase name="testDeleteService" classname="com.camt.database.DatabaseManagerTest" time="0.009"/>
  <testcase name="testUpdateAppointment" classname="com.camt.database.DatabaseManagerTest" time="0.012"/>
  <testcase name="testUpdateServiceNotFound" classname="com.camt.database.DatabaseManagerTest" time="0.01"/>
  <testcase name="testGetAllServices" classname="com.camt.database.DatabaseManagerTest" time="0.013"/>
  <testcase name="testUpdateAppointmentWithInvalidService" classname="com.camt.database.DatabaseManagerTest" time="0.012"/>
  <testcase name="testCreateAppointmentDoubleBooking" classname="com.camt.database.DatabaseManagerTest" time="0.013"/>
  <testcase name="testGetAllAppointmentsEmpty" classname="com.camt.database.DatabaseManagerTest" time="0.011"/>
  <testcase name="testGetServiceById" classname="com.camt.database.DatabaseManagerTest" time="0.012"/>
  <testcase name="testGetAppointmentById" classname="com.camt.database.DatabaseManagerTest" time="0.014"/>
  <testcase name="testDeleteAppointment" classname="com.camt.database.DatabaseManagerTest" time="0.012"/>
  <testcase name="testDeleteAppointmentNotFound" classname="com.camt.database.DatabaseManagerTest" time="0.009"/>
  <testcase name="testCreateAppointment" classname="com.camt.database.DatabaseManagerTest" time="0.009"/>
  <testcase name="testCreateAppointmentNoOverlap" classname="com.camt.database.DatabaseManagerTest" time="0.01"/>
  <testcase name="testCreateService" classname="com.camt.database.DatabaseManagerTest" time="0.008"/>
  <system-out><![CDATA[]]></system-out>
  <system-err><![CDATA[]]></system-err>
</testsuite>
